2019-01-20 18:39:58,853 - INFO - No SAMPLEID specified, the sample will be called K562_Rep1_withtags_TXR6K (last 5 digits are a random-id to avoid overwriting some other file by mistake)
2019-01-20 18:39:58,858 - INFO - No OUTPUTFOLDER specified, find output files inside /scratch/bclab/aramu/analysis/velocity/2019-01-02-test-velocyto/velocyto
2019-01-20 18:39:58,863 - DEBUG - Using logic: Default
2019-01-20 18:39:58,864 - DEBUG - Cell barcodes will be determined while reading the .bam file
2019-01-20 18:39:58,888 - DEBUG - Peeking into /scratch/bclab/aramu/analysis/velocity/2019-01-02-test-velocyto/K562_Rep1_withtags.bam
2019-01-20 18:39:59,807 - INFO - Starting the sorting process of /scratch/bclab/aramu/analysis/velocity/2019-01-02-test-velocyto/K562_Rep1_withtags.bam the output will be at: /scratch/bclab/aramu/analysis/velocity/2019-01-02-test-velocyto/cellsorted_K562_Rep1_withtags.bam
2019-01-20 18:39:59,824 - INFO - Command being run is: samtools sort -l 7 -m 2048M -t CB -O BAM -@ 8 -o /scratch/bclab/aramu/analysis/velocity/2019-01-02-test-velocyto/cellsorted_K562_Rep1_withtags.bam /scratch/bclab/aramu/analysis/velocity/2019-01-02-test-velocyto/K562_Rep1_withtags.bam
2019-01-20 18:39:59,827 - INFO - While the bam sorting happens do other things...
2019-01-20 18:39:59,827 - INFO - Load the annotation from /home/aramu/dat/ensembl/gtf/Homo_sapiens.GRCh37.87.withchr.gtf
2019-01-20 18:40:15,673 - DEBUG - Parsing Chromosome 1 strand - [line 0]
2019-01-20 18:40:17,680 - DEBUG - Done with 1- [line 115464]
2019-01-20 18:40:17,697 - DEBUG - Assigning indexes to genes
2019-01-20 18:40:17,730 - DEBUG - Seen 2651 genes until now
2019-01-20 18:40:17,737 - DEBUG - Parsing Chromosome 1 strand + [line 115465]
2019-01-20 18:40:19,376 - DEBUG - Done with 1+ [line 239634]
2019-01-20 18:40:19,401 - DEBUG - Assigning indexes to genes
2019-01-20 18:40:19,436 - DEBUG - Seen 5363 genes until now
2019-01-20 18:40:19,446 - DEBUG - Parsing Chromosome 10 strand - [line 239635]
2019-01-20 18:40:20,542 - DEBUG - Done with 10- [line 287385]
2019-01-20 18:40:20,551 - DEBUG - Assigning indexes to genes
2019-01-20 18:40:20,560 - DEBUG - Seen 6472 genes until now
2019-01-20 18:40:20,565 - DEBUG - Parsing Chromosome 10 strand + [line 287386]
2019-01-20 18:40:21,078 - DEBUG - Done with 10+ [line 332591]
2019-01-20 18:40:21,081 - DEBUG - Assigning indexes to genes
2019-01-20 18:40:21,104 - DEBUG - Seen 7623 genes until now
2019-01-20 18:40:21,115 - DEBUG - Parsing Chromosome 11 strand - [line 332592]
2019-01-20 18:40:22,261 - DEBUG - Done with 11- [line 410431]
2019-01-20 18:40:22,281 - DEBUG - Assigning indexes to genes
2019-01-20 18:40:22,302 - DEBUG - Seen 9228 genes until now
2019-01-20 18:40:22,304 - DEBUG - Parsing Chromosome 11 strand + [line 410432]
2019-01-20 18:40:23,517 - DEBUG - Done with 11+ [line 491967]
2019-01-20 18:40:23,531 - DEBUG - Assigning indexes to genes
2019-01-20 18:40:23,551 - DEBUG - Seen 10831 genes until now
2019-01-20 18:40:23,560 - DEBUG - Parsing Chromosome 12 strand - [line 491968]
2019-01-20 18:40:25,271 - DEBUG - Done with 12- [line 571262]
2019-01-20 18:40:25,272 - DEBUG - Assigning indexes to genes
2019-01-20 18:40:25,303 - DEBUG - Seen 12246 genes until now
2019-01-20 18:40:25,321 - DEBUG - Parsing Chromosome 12 strand + [line 571263]
2019-01-20 18:40:26,249 - DEBUG - Done with 12+ [line 650410]
2019-01-20 18:40:26,257 - DEBUG - Assigning indexes to genes
2019-01-20 18:40:26,278 - DEBUG - Seen 13649 genes until now
2019-01-20 18:40:26,281 - DEBUG - Parsing Chromosome 13 strand - [line 650411]
2019-01-20 18:40:26,508 - DEBUG - Done with 13- [line 669043]
2019-01-20 18:40:26,553 - DEBUG - Assigning indexes to genes
2019-01-20 18:40:26,573 - DEBUG - Seen 14280 genes until now
2019-01-20 18:40:26,590 - DEBUG - Parsing Chromosome 13 strand + [line 669044]
2019-01-20 18:40:27,023 - DEBUG - Done with 13+ [line 688041]
2019-01-20 18:40:27,024 - DEBUG - Assigning indexes to genes
2019-01-20 18:40:27,106 - DEBUG - Seen 14866 genes until now
2019-01-20 18:40:27,129 - DEBUG - Parsing Chromosome 14 strand - [line 688042]
2019-01-20 18:40:28,231 - DEBUG - Done with 14- [line 733053]
2019-01-20 18:40:28,233 - DEBUG - Assigning indexes to genes
2019-01-20 18:40:28,254 - DEBUG - Seen 15972 genes until now
2019-01-20 18:40:28,263 - DEBUG - Parsing Chromosome 14 strand + [line 733054]
2019-01-20 18:40:28,884 - DEBUG - Done with 14+ [line 783042]
2019-01-20 18:40:28,964 - DEBUG - Assigning indexes to genes
2019-01-20 18:40:28,994 - DEBUG - Seen 17110 genes until now
2019-01-20 18:40:29,009 - DEBUG - Parsing Chromosome 15 strand - [line 783043]
2019-01-20 18:40:29,578 - DEBUG - Done with 15- [line 832989]
2019-01-20 18:40:29,582 - DEBUG - Assigning indexes to genes
2019-01-20 18:40:29,598 - DEBUG - Seen 18134 genes until now
2019-01-20 18:40:29,613 - DEBUG - Parsing Chromosome 15 strand + [line 832990]
2019-01-20 18:40:30,304 - DEBUG - Done with 15+ [line 880053]
2019-01-20 18:40:30,312 - DEBUG - Assigning indexes to genes
2019-01-20 18:40:30,327 - DEBUG - Seen 19190 genes until now
2019-01-20 18:40:30,334 - DEBUG - Parsing Chromosome 16 strand - [line 880054]
2019-01-20 18:40:31,459 - DEBUG - Done with 16- [line 936613]
2019-01-20 18:40:31,461 - DEBUG - Assigning indexes to genes
2019-01-20 18:40:31,473 - DEBUG - Seen 20351 genes until now
2019-01-20 18:40:31,478 - DEBUG - Parsing Chromosome 16 strand + [line 936614]
2019-01-20 18:40:32,569 - DEBUG - Done with 16+ [line 1005725]
2019-01-20 18:40:32,570 - DEBUG - Assigning indexes to genes
2019-01-20 18:40:32,590 - DEBUG - Seen 21533 genes until now
2019-01-20 18:40:32,668 - DEBUG - Parsing Chromosome 17 strand - [line 1005726]
2019-01-20 18:40:33,927 - DEBUG - Done with 17- [line 1093709]
2019-01-20 18:40:33,932 - DEBUG - Assigning indexes to genes
2019-01-20 18:40:33,951 - DEBUG - Seen 23023 genes until now
2019-01-20 18:40:33,958 - DEBUG - Parsing Chromosome 17 strand + [line 1093710]
2019-01-20 18:40:35,003 - DEBUG - Done with 17+ [line 1174422]
2019-01-20 18:40:35,007 - DEBUG - Assigning indexes to genes
2019-01-20 18:40:35,034 - DEBUG - Seen 24436 genes until now
2019-01-20 18:40:35,047 - DEBUG - Parsing Chromosome 18 strand - [line 1174423]
2019-01-20 18:40:35,247 - DEBUG - Done with 18- [line 1197400]
2019-01-20 18:40:35,252 - DEBUG - Assigning indexes to genes
2019-01-20 18:40:35,260 - DEBUG - Seen 24996 genes until now
2019-01-20 18:40:35,271 - DEBUG - Parsing Chromosome 18 strand + [line 1197401]
2019-01-20 18:40:36,136 - DEBUG - Done with 18+ [line 1219513]
2019-01-20 18:40:36,152 - DEBUG - Assigning indexes to genes
2019-01-20 18:40:36,170 - DEBUG - Seen 25563 genes until now
2019-01-20 18:40:36,179 - DEBUG - Parsing Chromosome 19 strand - [line 1219514]
2019-01-20 18:40:37,273 - DEBUG - Done with 19- [line 1301072]
2019-01-20 18:40:37,278 - DEBUG - Assigning indexes to genes
2019-01-20 18:40:37,314 - DEBUG - Seen 26974 genes until now
2019-01-20 18:40:37,325 - DEBUG - Parsing Chromosome 19 strand + [line 1301073]
2019-01-20 18:40:38,442 - DEBUG - Done with 19+ [line 1385077]
2019-01-20 18:40:38,445 - DEBUG - Assigning indexes to genes
2019-01-20 18:40:38,478 - DEBUG - Seen 28473 genes until now
2019-01-20 18:40:38,489 - DEBUG - Parsing Chromosome 2 strand - [line 1385078]
2019-01-20 18:40:39,791 - DEBUG - Done with 2- [line 1480498]
2019-01-20 18:40:39,793 - DEBUG - Assigning indexes to genes
2019-01-20 18:40:39,821 - DEBUG - Seen 30510 genes until now
2019-01-20 18:40:39,826 - DEBUG - Parsing Chromosome 2 strand + [line 1480499]
2019-01-20 18:40:41,933 - DEBUG - Done with 2+ [line 1576779]
2019-01-20 18:40:41,941 - DEBUG - Assigning indexes to genes
2019-01-20 18:40:41,973 - DEBUG - Seen 32520 genes until now
2019-01-20 18:40:41,978 - DEBUG - Parsing Chromosome 20 strand - [line 1576780]
2019-01-20 18:40:42,213 - DEBUG - Done with 20- [line 1603219]
2019-01-20 18:40:42,223 - DEBUG - Assigning indexes to genes
2019-01-20 18:40:42,267 - DEBUG - Seen 33186 genes until now
2019-01-20 18:40:42,276 - DEBUG - Parsing Chromosome 20 strand + [line 1603220]
2019-01-20 18:40:42,741 - DEBUG - Done with 20+ [line 1632542]
2019-01-20 18:40:42,748 - DEBUG - Assigning indexes to genes
2019-01-20 18:40:42,759 - DEBUG - Seen 33837 genes until now
2019-01-20 18:40:42,761 - DEBUG - Parsing Chromosome 21 strand - [line 1632543]
2019-01-20 18:40:42,902 - DEBUG - Done with 21- [line 1646200]
2019-01-20 18:40:42,911 - DEBUG - Assigning indexes to genes
2019-01-20 18:40:42,922 - DEBUG - Seen 34228 genes until now
2019-01-20 18:40:42,939 - DEBUG - Parsing Chromosome 21 strand + [line 1646201]
2019-01-20 18:40:43,214 - DEBUG - Done with 21+ [line 1660577]
2019-01-20 18:40:43,223 - DEBUG - Assigning indexes to genes
2019-01-20 18:40:43,274 - DEBUG - Seen 34573 genes until now
2019-01-20 18:40:43,283 - DEBUG - Parsing Chromosome 22 strand - [line 1660578]
2019-01-20 18:40:43,619 - DEBUG - Done with 22- [line 1689197]
2019-01-20 18:40:43,639 - DEBUG - Assigning indexes to genes
2019-01-20 18:40:43,647 - DEBUG - Seen 35157 genes until now
2019-01-20 18:40:43,663 - DEBUG - Parsing Chromosome 22 strand + [line 1689198]
2019-01-20 18:40:44,077 - DEBUG - Done with 22+ [line 1719282]
2019-01-20 18:40:44,081 - DEBUG - Assigning indexes to genes
2019-01-20 18:40:44,092 - DEBUG - Seen 35836 genes until now
2019-01-20 18:40:44,097 - DEBUG - Parsing Chromosome 3 strand - [line 1719283]
2019-01-20 18:40:45,420 - DEBUG - Done with 3- [line 1800860]
2019-01-20 18:40:45,432 - DEBUG - Assigning indexes to genes
2019-01-20 18:40:45,458 - DEBUG - Seen 37394 genes until now
2019-01-20 18:40:45,469 - DEBUG - Parsing Chromosome 3 strand + [line 1800861]
2019-01-20 18:40:46,561 - DEBUG - Done with 3+ [line 1880397]
2019-01-20 18:40:46,574 - DEBUG - Assigning indexes to genes
2019-01-20 18:40:46,651 - DEBUG - Seen 38937 genes until now
2019-01-20 18:40:46,680 - DEBUG - Parsing Chromosome 4 strand - [line 1880398]
2019-01-20 18:40:47,320 - DEBUG - Done with 4- [line 1931029]
2019-01-20 18:40:47,361 - DEBUG - Assigning indexes to genes
2019-01-20 18:40:47,373 - DEBUG - Seen 40221 genes until now
2019-01-20 18:40:47,456 - DEBUG - Parsing Chromosome 4 strand + [line 1931030]
2019-01-20 18:40:48,744 - DEBUG - Done with 4+ [line 1981602]
2019-01-20 18:40:48,767 - DEBUG - Assigning indexes to genes
2019-01-20 18:40:48,780 - DEBUG - Seen 41500 genes until now
2019-01-20 18:40:48,782 - DEBUG - Parsing Chromosome 5 strand - [line 1981603]
2019-01-20 18:40:49,502 - DEBUG - Done with 5- [line 2035920]
2019-01-20 18:40:49,513 - DEBUG - Assigning indexes to genes
2019-01-20 18:40:49,525 - DEBUG - Seen 42923 genes until now
2019-01-20 18:40:49,537 - DEBUG - Parsing Chromosome 5 strand + [line 2035921]
2019-01-20 18:40:50,382 - DEBUG - Done with 5+ [line 2097063]
2019-01-20 18:40:50,391 - DEBUG - Assigning indexes to genes
2019-01-20 18:40:50,417 - DEBUG - Seen 44359 genes until now
2019-01-20 18:40:50,421 - DEBUG - Parsing Chromosome 6 strand - [line 2097064]
2019-01-20 18:40:51,182 - DEBUG - Done with 6- [line 2159597]
2019-01-20 18:40:51,213 - DEBUG - Assigning indexes to genes
2019-01-20 18:40:51,237 - DEBUG - Seen 45818 genes until now
2019-01-20 18:40:51,257 - DEBUG - Parsing Chromosome 6 strand + [line 2159598]
2019-01-20 18:40:51,934 - DEBUG - Done with 6+ [line 2215482]
2019-01-20 18:40:51,941 - DEBUG - Assigning indexes to genes
2019-01-20 18:40:51,967 - DEBUG - Seen 47264 genes until now
2019-01-20 18:40:51,972 - DEBUG - Parsing Chromosome 7 strand - [line 2215483]
2019-01-20 18:40:52,948 - DEBUG - Done with 7- [line 2273859]
2019-01-20 18:40:52,970 - DEBUG - Assigning indexes to genes
2019-01-20 18:40:52,988 - DEBUG - Seen 48659 genes until now
2019-01-20 18:40:52,996 - DEBUG - Parsing Chromosome 7 strand + [line 2273860]
2019-01-20 18:40:53,765 - DEBUG - Done with 7+ [line 2338808]
2019-01-20 18:40:53,770 - DEBUG - Assigning indexes to genes
2019-01-20 18:40:53,786 - DEBUG - Seen 50140 genes until now
2019-01-20 18:40:53,793 - DEBUG - Parsing Chromosome 8 strand - [line 2338809]
2019-01-20 18:40:54,584 - DEBUG - Done with 8- [line 2388274]
2019-01-20 18:40:54,587 - DEBUG - Assigning indexes to genes
2019-01-20 18:40:54,603 - DEBUG - Seen 51366 genes until now
2019-01-20 18:40:54,648 - DEBUG - Parsing Chromosome 8 strand + [line 2388275]
2019-01-20 18:40:55,099 - DEBUG - Done with 8+ [line 2434182]
2019-01-20 18:40:55,115 - DEBUG - Assigning indexes to genes
2019-01-20 18:40:55,133 - DEBUG - Seen 52526 genes until now
2019-01-20 18:40:55,135 - DEBUG - Parsing Chromosome 9 strand - [line 2434183]
2019-01-20 18:40:55,753 - DEBUG - Done with 9- [line 2479495]
2019-01-20 18:40:55,832 - DEBUG - Assigning indexes to genes
2019-01-20 18:40:55,847 - DEBUG - Seen 53688 genes until now
2019-01-20 18:40:55,877 - DEBUG - Parsing Chromosome 9 strand + [line 2479496]
2019-01-20 18:40:57,479 - DEBUG - Done with 9+ [line 2525514]
2019-01-20 18:40:57,501 - DEBUG - Assigning indexes to genes
2019-01-20 18:40:57,523 - DEBUG - Seen 54849 genes until now
2019-01-20 18:40:57,541 - DEBUG - Parsing Chromosome MT strand - [line 2525515]
2019-01-20 18:40:57,554 - DEBUG - Done with MT- [line 2525544]
2019-01-20 18:40:57,605 - DEBUG - Assigning indexes to genes
2019-01-20 18:40:57,638 - DEBUG - Seen 54858 genes until now
2019-01-20 18:40:57,657 - DEBUG - Parsing Chromosome MT strand + [line 2525545]
2019-01-20 18:40:57,664 - DEBUG - Done with MT+ [line 2525658]
2019-01-20 18:40:57,678 - DEBUG - Assigning indexes to genes
2019-01-20 18:40:57,699 - DEBUG - Seen 54886 genes until now
2019-01-20 18:40:57,723 - DEBUG - Parsing Chromosome X strand - [line 2525659]
2019-01-20 18:40:58,061 - DEBUG - Done with X- [line 2565621]
2019-01-20 18:40:58,076 - DEBUG - Assigning indexes to genes
2019-01-20 18:40:58,088 - DEBUG - Seen 56063 genes until now
2019-01-20 18:40:58,094 - DEBUG - Parsing Chromosome X strand + [line 2565622]
2019-01-20 18:40:58,564 - DEBUG - Done with X+ [line 2605592]
2019-01-20 18:40:58,566 - DEBUG - Assigning indexes to genes
2019-01-20 18:40:58,595 - DEBUG - Seen 57278 genes until now
2019-01-20 18:40:58,609 - DEBUG - Parsing Chromosome Y strand - [line 2605593]
2019-01-20 18:40:58,642 - DEBUG - Done with Y- [line 2608780]
2019-01-20 18:40:58,643 - DEBUG - Assigning indexes to genes
2019-01-20 18:40:58,661 - DEBUG - Seen 57520 genes until now
2019-01-20 18:40:58,661 - DEBUG - Parsing Chromosome Y strand + [line 2608781]
2019-01-20 18:40:58,711 - DEBUG - Assigning indexes to genes
2019-01-20 18:40:58,746 - DEBUG - Done with Y+ [line 2612759]
2019-01-20 18:40:58,764 - DEBUG - Fixing corner cases of transcript models containg intron longer than 1000Kbp
2019-01-20 18:41:02,878 - DEBUG - Generated 2194420 features corresponding to 196354 transcript models from /home/aramu/dat/ensembl/gtf/Homo_sapiens.GRCh37.87.withchr.gtf
2019-01-20 18:41:02,925 - INFO - Scan /scratch/bclab/aramu/analysis/velocity/2019-01-02-test-velocyto/K562_Rep1_withtags.bam to validate intron intervals
2019-01-20 18:41:13,020 - DEBUG - Reading /scratch/bclab/aramu/analysis/velocity/2019-01-02-test-velocyto/K562_Rep1_withtags.bam
2019-01-20 18:41:13,239 - DEBUG - Read first 0 million reads
2019-01-20 18:41:13,242 - DEBUG - Marking up chromosome 1
2019-01-20 19:09:11,869 - DEBUG - Read first 10 million reads
2019-01-20 19:13:07,097 - DEBUG - Marking up chromosome 2
2019-01-20 19:16:35,439 - DEBUG - Marking up chromosome 3
2019-01-20 19:18:37,069 - DEBUG - Marking up chromosome 4
2019-01-20 19:19:28,015 - DEBUG - Read first 20 million reads
2019-01-20 19:19:39,135 - DEBUG - Marking up chromosome 5
2019-01-20 19:21:15,145 - DEBUG - Marking up chromosome 6
2019-01-20 19:24:21,024 - DEBUG - Marking up chromosome 7
2019-01-20 19:26:00,618 - DEBUG - Marking up chromosome 8
2019-01-20 19:28:42,956 - DEBUG - Read first 30 million reads
2019-01-20 19:32:08,066 - DEBUG - Marking up chromosome 9
2019-01-20 19:34:14,176 - DEBUG - Marking up chromosome 10
2019-01-20 19:35:04,137 - DEBUG - Marking up chromosome 11
2019-01-20 19:38:10,626 - DEBUG - Read first 40 million reads
2019-01-20 19:38:43,542 - DEBUG - Marking up chromosome 12
2019-01-20 19:42:03,944 - DEBUG - Marking up chromosome 13
2019-01-20 19:42:19,315 - DEBUG - Marking up chromosome 14
2019-01-20 19:43:58,285 - DEBUG - Marking up chromosome 15
2019-01-20 19:44:46,286 - DEBUG - Marking up chromosome 16
2019-01-20 19:47:58,924 - DEBUG - Read first 50 million reads
2019-01-20 19:48:18,679 - DEBUG - Marking up chromosome 17
2019-01-20 19:51:38,223 - DEBUG - Marking up chromosome 18
2019-01-20 19:51:54,816 - DEBUG - Marking up chromosome 19
2019-01-20 19:55:53,723 - DEBUG - Marking up chromosome 20
2019-01-20 19:56:46,523 - DEBUG - Marking up chromosome 21
2019-01-20 19:57:27,188 - DEBUG - Read first 60 million reads
2019-01-20 20:01:24,051 - DEBUG - Marking up chromosome 22
2019-01-20 20:02:24,628 - DEBUG - Marking up chromosome X
2019-01-20 20:05:47,795 - DEBUG - Marking up chromosome MT
2019-01-20 20:06:02,831 - DEBUG - Read first 70 million reads
2019-01-20 20:08:31,103 - DEBUG - End of file. Reset index: start scanning from initial position.
2019-01-20 20:08:31,111 - DEBUG - 0 reads were skipped because no apropiate cell or umi barcode was found
2019-01-20 20:08:31,114 - INFO - Now just waiting that the bam sorting process terminates
2019-01-20 20:08:31,127 - INFO - bam file #0 has been sorted
2019-01-20 20:08:31,140 - DEBUG - Start molecule counting!
2019-01-20 20:08:37,342 - DEBUG - Features available for chromosomes : ['1-', '1+', '10-', '10+', '11-', '11+', '12-', '12+', '13-', '13+', '14-', '14+', '15-', '15+', '16-', '16+', '17-', '17+', '18-', '18+', '19-', '19+', '2-', '2+', '20-', '20+', '21-', '21+', '22-', '22+', '3-', '3+', '4-', '4+', '5-', '5+', '6-', '6+', '7-', '7+', '8-', '8+', '9-', '9+', 'MT-', 'MT+', 'X-', 'X+', 'Y-', 'Y+']
2019-01-20 20:08:37,358 - DEBUG - Mask available for chromosomes : []
2019-01-20 20:08:37,370 - DEBUG - Summarizing the results of intron validation.
2019-01-20 20:08:38,249 - DEBUG - Validated 396712 introns (of which unique intervals 121222) out of 999033 total possible introns (considering each possible transcript models).
2019-01-20 20:08:38,264 - DEBUG - Reading /scratch/bclab/aramu/analysis/velocity/2019-01-02-test-velocyto/cellsorted_K562_Rep1_withtags.bam
2019-01-20 20:08:38,450 - DEBUG - Read first 0 million reads
2019-01-20 20:16:47,420 - DEBUG - Read first 10 million reads
2019-01-20 20:24:59,885 - DEBUG - Read first 20 million reads
2019-01-20 20:33:24,223 - DEBUG - Read first 30 million reads
2019-01-20 20:41:41,974 - DEBUG - Read first 40 million reads
2019-01-20 20:50:05,393 - DEBUG - Read first 50 million reads
2019-01-20 20:58:39,439 - DEBUG - Read first 60 million reads
2019-01-20 21:06:45,828 - DEBUG - Read first 70 million reads
2019-01-20 21:09:39,899 - DEBUG - Counting for batch 1, containing 1 cells and 72950027 reads
2019-01-20 21:57:23,459 - DEBUG - 0 reads not considered because fully enclosed in repeat masked regions
2019-01-20 22:13:34,774 - WARNING - The barcode selection mode is off, no cell events will be identified by <80 counts
2019-01-20 22:13:34,804 - WARNING - 0 of the barcodes where without cell
2019-01-20 22:14:03,106 - DEBUG - 0 reads were skipped because no apropiate cell or umi barcode was found
2019-01-20 22:14:03,116 - DEBUG - Counting done!
2019-01-20 22:14:03,142 - DEBUG - Example of barcode: K562_Rep1 and cell_id: K562_Rep1_withtags_TXR6K:K562_Rep1
2019-01-20 22:14:03,159 - DEBUG - Generating output file /scratch/bclab/aramu/analysis/velocity/2019-01-02-test-velocyto/velocyto/K562_Rep1_withtags_TXR6K.loom
2019-01-20 22:14:03,178 - DEBUG - Collecting row attributes
2019-01-20 22:14:03,439 - DEBUG - Generating data table
2019-01-20 22:14:03,455 - DEBUG - Writing loom file
2019-01-20 22:14:04,322 - DEBUG - Terminated Succesfully!
